<?xml version="1.0" encoding="UTF-8"?>
<!-- Generated by org.testng.reporters.JUnitXMLReporter -->
<testsuite hostname="MuniPC" ignored="0" name="OpenCart Test" tests="2" failures="1" timestamp="2022-07-18T13:32:41 PDT" time="24.778" errors="0">
  <testcase name="test_Account_Registration" time="4.663" classname="testCases.TC_001_AccountRegistration">
    <failure type="java.lang.AssertionError" message="null">
      <![CDATA[java.lang.AssertionError: null
at testCases.TC_001_AccountRegistration.test_Account_Registration(TC_001_AccountRegistration.java:55)
at java.util.ArrayList.forEach(ArrayList.java:1257)
... Removed 29 stack frames]]>
    </failure>
  </testcase> <!-- test_Account_Registration -->
  <testcase name="test_Login" time="2.401" classname="testCases.TC_002_Login"/>
</testsuite> <!-- OpenCart Test -->
